time="2023-07-11T16:19:40+03:00" level=info msg="create router" func="#{frame.Function}()" file="app.go:23"
time="2023-07-11T16:19:40+03:00" level=info msg="register user handler" func="#{frame.Function}()" file="app.go:26"
time="2023-07-11T16:19:40+03:00" level=info msg="start router" func="#{frame.Function}()" file="app.go:30"
time="2023-07-11T16:32:12+03:00" level=info msg="create router" func="#{frame.Function}()" file="app.go:23"
time="2023-07-11T16:32:12+03:00" level=info msg="register user handler" func="#{frame.Function}()" file="app.go:26"
time="2023-07-11T16:32:12+03:00" level=info msg="start router" func="#{frame.Function}()" file="app.go:30"
time="2023-07-11T16:32:12+03:00" level=info msg="start application" func="#{frame.Function}()" file="app.go:36"
time="2023-07-11T16:32:12+03:00" level=info msg="server is listening port :1234" func="#{frame.Function}()" file="app.go:48"
time="2023-07-12T14:11:27+03:00" level=info msg="create router" func="#{frame.Function}()" file="app.go:23"
time="2023-07-12T14:11:27+03:00" level=info msg="register user handler" func="#{frame.Function}()" file="app.go:26"
time="2023-07-12T14:11:27+03:00" level=info msg="start router" func="#{frame.Function}()" file="app.go:30"
time="2023-07-12T14:11:27+03:00" level=info msg="start application" func="#{frame.Function}()" file="app.go:36"
time="2023-07-12T14:11:27+03:00" level=info msg="server is listening port :1234" func="#{frame.Function}()" file="app.go:48"
time="2023-07-12T14:51:27+03:00" level=info msg="create router" func="#{frame.Function}()" file="app.go:27"
time="2023-07-12T14:51:27+03:00" level=info msg="read application configuration" func="#{frame.Function}()" file="config.go:25"
time="2023-07-12T14:51:27+03:00" level=info func="#{frame.Function}()" file="config.go:29"
time="2023-07-12T14:51:27+03:00" level=fatal msg="open config.yml: The system cannot find the file specified." func="#{frame.Function}()" file="config.go:30"
time="2023-07-12T14:53:06+03:00" level=info msg="create router" func="#{frame.Function}()" file="app.go:27"
time="2023-07-12T14:53:06+03:00" level=info msg="read application configuration" func="#{frame.Function}()" file="config.go:25"
time="2023-07-12T14:53:06+03:00" level=info msg="register user handler" func="#{frame.Function}()" file="app.go:31"
time="2023-07-12T14:53:06+03:00" level=info msg="start router" func="#{frame.Function}()" file="app.go:35"
time="2023-07-12T14:53:06+03:00" level=info msg="start application" func="#{frame.Function}()" file="app.go:41"
time="2023-07-12T14:53:06+03:00" level=info msg="listen tcp" func="#{frame.Function}()" file="app.go:58"
time="2023-07-12T14:53:06+03:00" level=info msg="server is listening port %s:%s0.0.0.010000" func="#{frame.Function}()" file="app.go:72"
time="2023-07-12T14:54:18+03:00" level=info msg="create router" func="#{frame.Function}()" file="app.go:27"
time="2023-07-12T14:54:18+03:00" level=info msg="read application configuration" func="#{frame.Function}()" file="config.go:25"
time="2023-07-12T14:54:18+03:00" level=info msg="register user handler" func="#{frame.Function}()" file="app.go:31"
time="2023-07-12T14:54:18+03:00" level=info msg="start router" func="#{frame.Function}()" file="app.go:35"
time="2023-07-12T14:54:18+03:00" level=info msg="start application" func="#{frame.Function}()" file="app.go:41"
time="2023-07-12T14:54:18+03:00" level=info msg="create socket" func="#{frame.Function}()" file="app.go:51"
time="2023-07-12T14:54:18+03:00" level=debug msg="socket path: C:\\Users\\user\\AppData\\Local\\Temp\\go-build3543546458\\b001\\exe/app.sock" func="#{frame.Function}()" file="app.go:53"
time="2023-07-12T14:54:18+03:00" level=info msg="listen unix socket" func="#{frame.Function}()" file="app.go:55"
time="2023-07-12T14:54:18+03:00" level=info msg="server is listening port %s:%s0.0.0.010000" func="#{frame.Function}()" file="app.go:72"
time="2023-07-12T15:01:18+03:00" level=info msg="create router" func="#{frame.Function}()" file="app.go:27"
time="2023-07-12T15:01:18+03:00" level=info msg="read application configuration" func="#{frame.Function}()" file="config.go:25"
time="2023-07-12T15:01:18+03:00" level=info msg="register user handler" func="#{frame.Function}()" file="app.go:31"
time="2023-07-12T15:01:18+03:00" level=info msg="start router" func="#{frame.Function}()" file="app.go:35"
time="2023-07-12T15:01:18+03:00" level=info msg="start application" func="#{frame.Function}()" file="app.go:41"
time="2023-07-12T15:01:18+03:00" level=info msg="create socket" func="#{frame.Function}()" file="app.go:51"
time="2023-07-12T15:01:18+03:00" level=info msg="listen unix socket" func="#{frame.Function}()" file="app.go:54"
time="2023-07-12T15:01:18+03:00" level=info msg="server is listening unix socket C:\\Users\\user\\AppData\\Local\\Temp\\go-build1064670310\\b001\\exe/app.sock" func="#{frame.Function}()" file="app.go:56"
