time="2023-07-13T00:29:02+03:00" level=info msg="create router" func="#{frame.Function}()" file="app.go:27"
time="2023-07-13T00:29:09+03:00" level=info msg="read application configuration" func="#{frame.Function}()" file="config.go:25"
time="2023-07-13T00:29:09+03:00" level=info func="#{frame.Function}()" file="config.go:29"
time="2023-07-13T00:29:09+03:00" level=fatal msg="open pkg/config.yml: The system cannot find the path specified." func="#{frame.Function}()" file="config.go:30"
time="2023-07-13T00:35:47+03:00" level=info msg="create router" func="#{frame.Function}()" file="app.go:27"
time="2023-07-13T00:35:48+03:00" level=info msg="read application configuration" func="#{frame.Function}()" file="config.go:25"
time="2023-07-13T00:35:48+03:00" level=info func="#{frame.Function}()" file="config.go:29"
time="2023-07-13T00:35:48+03:00" level=fatal msg="open pkg/config.yml: The system cannot find the path specified." func="#{frame.Function}()" file="config.go:30"
time="2023-07-14T11:56:00+03:00" level=info msg="create router" func="main.main()" file="app.go:29"
time="2023-07-14T11:56:00+03:00" level=info msg="read application configuration" func="github.com/hovanja2011/move-together/internal/config.GetConfig.func1()" file="config.go:34"
time="2023-07-14T11:56:00+03:00" level=info func="github.com/hovanja2011/move-together/internal/config.GetConfig.func1()" file="config.go:38"
time="2023-07-14T11:56:00+03:00" level=fatal msg="open pkg/config.yml: The system cannot find the path specified." func="github.com/hovanja2011/move-together/internal/config.GetConfig.func1()" file="config.go:39"
time="2023-07-14T12:02:30+03:00" level=info msg="create router" func="main.main()" file="app.go:29"
time="2023-07-14T12:02:30+03:00" level=info msg="read application configuration" func="github.com/hovanja2011/move-together/internal/config.GetConfig.func1()" file="config.go:34"
time="2023-07-14T12:02:30+03:00" level=info func="github.com/hovanja2011/move-together/internal/config.GetConfig.func1()" file="config.go:38"
time="2023-07-14T12:02:30+03:00" level=fatal msg="open pkg/config.yml: The system cannot find the path specified." func="github.com/hovanja2011/move-together/internal/config.GetConfig.func1()" file="config.go:39"
time="2023-07-14T12:03:29+03:00" level=info msg="create router" func="main.main()" file="app.go:29"
time="2023-07-14T12:03:29+03:00" level=info msg="read application configuration" func="github.com/hovanja2011/move-together/internal/config.GetConfig.func1()" file="config.go:34"
time="2023-07-14T12:03:29+03:00" level=info func="github.com/hovanja2011/move-together/internal/config.GetConfig.func1()" file="config.go:38"
time="2023-07-14T12:03:29+03:00" level=fatal msg="open config.yml: The system cannot find the file specified." func="github.com/hovanja2011/move-together/internal/config.GetConfig.func1()" file="config.go:39"
time="2023-07-14T12:04:08+03:00" level=info msg="create router" func="main.main()" file="app.go:29"
time="2023-07-14T12:04:08+03:00" level=info msg="read application configuration" func="github.com/hovanja2011/move-together/internal/config.GetConfig.func1()" file="config.go:34"
time="2023-07-14T12:04:08+03:00" level=info func="github.com/hovanja2011/move-together/internal/config.GetConfig.func1()" file="config.go:38"
time="2023-07-14T12:04:08+03:00" level=fatal msg="open /pkg/config.yml: The system cannot find the path specified." func="github.com/hovanja2011/move-together/internal/config.GetConfig.func1()" file="config.go:39"
